#
# There is insufficient memory for the Java Runtime Environment to continue.
# Native memory allocation (malloc) failed to allocate 673456 bytes for Chunk::new
# Possible reasons:
#   The system is out of physical RAM or swap space
#   The process is running with CompressedOops enabled, and the Java Heap may be blocking the growth of the native heap
# Possible solutions:
#   Reduce memory load on the system
#   Increase physical memory or swap space
#   Check if swap backing store is full
#   Decrease Java heap size (-Xmx/-Xms)
#   Decrease number of Java threads
#   Decrease Java thread stack sizes (-Xss)
#   Set larger code cache with -XX:ReservedCodeCacheSize=
#   JVM is running with Unscaled Compressed Oops mode in which the Java heap is
#     placed in the first 4GB address space. The Java Heap base address is the
#     maximum limit for the native heap growth. Please use -XX:HeapBaseMinAddress
#     to set the Java Heap base and to place the Java Heap above 4GB virtual address.
# This output file may be truncated or incomplete.
#
#  Out of Memory Error (arena.cpp:189), pid=18304, tid=13036
#
# JRE version: OpenJDK Runtime Environment (17.0.2+8) (build 17.0.2+8-86)
# Java VM: OpenJDK 64-Bit Server VM (17.0.2+8-86, mixed mode, sharing, tiered, compressed oops, compressed class ptrs, g1 gc, windows-amd64)
# No core dump will be written. Minidumps are not enabled by default on client versions of Windows
#

---------------  S U M M A R Y ------------

Command Line: -Dfile.encoding=UTF-8 -XX:+ShowCodeDetailsInExceptionMessages com.openclassroom.Projet6PayMyBuddy.Projet6PayMyBuddyApplication

Host: Intel(R) Core(TM) i5-3570K CPU @ 3.40GHz, 4 cores, 7G,  Windows 10 , 64 bit Build 19041 (10.0.19041.3155)
Time: Tue Aug  8 12:31:22 2023 Paris, Madrid (heure duild 19041 (10.0.19041.3155) elapsed time: 0.930945 seconds (0d 0h 0m 0s)

---------------  T H R E A D  ---------------

Current thread (0x000001943b9a3ab0):  JavaThread "C2 CompilerThread1" daemon [_thread_in_native, id=13036, stack(0x0000006f7e100000,0x0000006f7e200000)]


Current CompileTask:
C2:    931 1565       4       jdk.internal.org.objectweb.asm.Frame::execute (2305 bytes)

Stack: [0x0000006f7e100000,0x0000006f7e200000]
Native frames: (J=compiled Java code, j=interpreted, Vv=VM code, C=native code)
V  [jvm.dll+0x670baa]
V  [jvm.dll+0x7cfcb4]
V  [jvm.dll+0x7d145e]
V  [jvm.dll+0x7d1ac3]
V  [jvm.dll+0x242bc5]
V  [jvm.dll+0xaa57b]
V  [jvm.dll+0xaab0c]
V  [jvm.dll+0x2a991f]
V  [jvm.dll+0x5792d9]
V  [jvm.dll+0x21de3d]
V  [jvm.dll+0x21734f]
V  [jvm.dll+0x214fab]
V  [jvm.dll+0x1a1bbd]
V  [jvm.dll+0x224908]
V  [jvm.dll+0x222a6c]
V  [jvm.dll+0x7859bb]
V  [jvm.dll+0x77ff7a]
V  [jvm.dll+0x66fa35]
C  [ucrtbase.dll+0x21bb2]
C  [KERNEL32.DLL+0x17614]
C  [ntdll.dll+0x526b1]


---------------  P R O C E S S  ---------------

Threads class SMR info:
_java_thread_list=0x000001943c346030, length=14, elements={
0x000001941d329480, 0x000001943aba59e0, 0x000001943aba6390, 0x000001943abb4110,
0x000001943abb4ed0, 0x000001943abb5880, 0x000001943abbc750, 0x000001943abc5440,
0x000001943abc8f00, 0x000001943abda0b0, 0x000001943b89a2e0, 0x000001943b898ad0,
0x000001943b9a3ab0, 0x000001943b89b620
}

Java Threads: ( => current thread )
  0x000001941d329480 JavaThread "main" [_thread_in_vm, id=19264, stack(0x0000006f7ce00000,0x0000006f7cf00000)]
  0x000001943aba59e0 JavaThread "Reference Handler" daemon [_thread_blocked, id=20580, stack(0x0000006f7d500000,0x0000006f7d600000)]
  0x000001943aba6390 JavaThread "Finalizer" daemon [_thread_blocked, id=21148, stack(0x0000006f7d600000,0x0000006f7d700000)]
  0x000001943abb4110 JavaThread "Signal Dispatcher" daemon [_thread_blocked, id=13376, stack(0x0000006f7d700000,0x0000006f7d800000)]
  0x000001943abb4ed0 JavaThread "Attach Listener" daemon [_thread_blocked, id=20420, stack(0x0000006f7d800000,0x0000006f7d900000)]
  0x000001943abb5880 JavaThread "Service Thread" daemon [_thread_blocked, id=18672, stack(0x0000006f7d900000,0x0000006f7da00000)]
  0x000001943abbc750 JavaThread "Monitor Deflation Thread" daemon [_thread_blocked, id=12380, stack(0x0000006f7da00000,0x0000006f7db00000)]
  0x000001943abc5440 JavaThread "C2 CompilerThread0" daemon [_thread_in_native, id=4600, stack(0x0000006f7db00000,0x0000006f7dc00000)]
  0x000001943abc8f00 JavaThread "C1 CompilerThread0" daemon [_thread_in_native, id=3376, stack(0x0000006f7dc00000,0x0000006f7dd00000)]
  0x000001943abda0b0 JavaThread "Sweeper thread" daemon [_thread_blocked, id=7540, stack(0x0000006f7dd00000,0x0000006f7de00000)]
  0x000001943b89a2e0 JavaThread "Notification Thread" daemon [_thread_blocked, id=14340, stack(0x0000006f7de00000,0x0000006f7df00000)]
  0x000001943b898ad0 JavaThread "Common-Cleaner" daemon [_thread_blocked, id=11976, stack(0x0000006f7e000000,0x0000006f7e100000)]
=>0x000001943b9a3ab0 JavaThread "C2 CompilerThread1" daemon [_thread_in_native, id=13036, stack(0x0000006f7e100000,0x0000006f7e200000)]
  0x000001943b89b620 JavaThread "background-preinit" [_thread_in_vm, id=4848, stack(0x0000006f7e500000,0x0000006f7e600000)]

Other Threads:
  0x000001943aba0380 VMThread "VM Thread" [stack: 0x0000006f7d400000,0x0000006f7d500000] [id=14428]
  0x000001943b89cea0 WatcherThread [stack: 0x0000006f7df00000,0x0000006f7e000000] [id=15948]
  0x000001941d367bf0 GCTaskThread "GC Thread#0" [stack: 0x0000006f7cf00000,0x0000006f7d000000] [id=17964]
  0x000001943c1987c0 GCTaskThread "GC Thread#1" [stack: 0x0000006f7e200000,0x0000006f7e300000] [id=21736]
  0x000001943c1b9ad0 GCTaskThread "GC Thread#2" [stack: 0x0000006f7e300000,0x0000006f7e400000] [id=20536]
  0x000001943c253a80 GCTaskThread "GC Thread#3" [stack: 0x0000006f7e400000,0x0000006f7e500000] [id=19612]
  0x000001941d37a1a0 ConcurrentGCThread "G1 Main Marker" [stack: 0x0000006f7d000000,0x0000006f7d100000] [id=9812]
  0x000001941d37abb0 ConcurrentGCThread "G1 Conc#0" [stack: 0x0000006f7d100000,0x0000006f7d200000] [id=4476]
  0x000001941d3f2a70 ConcurrentGCThread "G1 Refine#0" [stack: 0x0000006f7d200000,0x0000006f7d300000] [id=9932]
  0x000001941d3f6250 ConcurrentGCThread "G1 Service" [stack: 0x0000006f7d300000,0x0000006f7d400000] [id=13216]

Threads with active compile tasks:
C2 CompilerThread0     1013 1620 % !   4       java.util.concurrent.ConcurrentHashMap::transfer @ 437 (849 bytes)
C1 CompilerThread0     1013 1702   !   3       java.lang.invoke.AbstractValidatingLambdaMetafactory::<init> (559 bytes)
C2 CompilerThread1     1013 1565       4       jdk.internal.org.objectweb.asm.Frame::execute (2305 bytes)

VM state: not at safepoint (normal execution)

VM Mutex/Monitor currently owned by a thread:  ([mutex/lock_event])
[0x000001941d328670] Metaspace_lock - owner thread: 0x000001943b89b620

Heap address: 0x0000000080a00000, size: 2038 MB, Compressed Oops mode: 32-bit

CDS archive(s) mapped at: [0x0000000800000000-0x0000000800bc0000-0x0000000800bc0000), size 12320768, SharedBaseAddress: 0x0000000800000000, ArchiveRelocationMode: 0.
Compressed class space mapped at: 0x0000000800c00000-0x0000000840c00000, reserved size: 1073741824
Narrow klass base: 0x0000000800000000, Narrow klass shift: 0, Narrow klass range: 0x100000000

GC Precious Log:
 CPUs: 4 total, 4 available
 Memory: 8150M
 Large Page Support: Disabled
 NUMA Support: Disabled
 Compressed Oops: Enabled (32-bit)
 Heap Region Size: 1M
 Heap Min Capacity: 8M
 Heap Initial Capacity: 128M
 Heap Max Capacity: 2038M
 Pre-touch: Disabled
 Parallel Workers: 4
 Concurrent Workers: 1
 Concurrent Refinement Workers: 4
 Periodic GC: Disabled

Heap:
 garbage-first heap   total 131072K, used 31168K [0x0000000080a00000, 0x0000000100000000)
  region size 1024K, 27 young (27648K), 2 survivors (2048K)
 Metaspace       used 13195K, committed 13376K, reserved 1064960K
  class space    used 1597K, committed 1664K, reserved 1048576K

Heap Regions: E=young(eden), S=young(survivor), O=old, HS=humongous(starts), HC=humongous(continues), CS=collection set, F=free, OA=open archive, CA=closed archive, TAMS=top-at-mark-start (previous, next)
|   0|0x0000000080a00000, 0x0000000080b00000, 0x0000000080b00000|100%|HS|  |TAMS 0x0000000080a00000, 0x0000000080a00000| Complete 
|   1|0x0000000080b00000, 0x0000000080c00000, 0x0000000080c00000|100%| O|  |TAMS 0x0000000080b00000, 0x0000000080b00000| Untracked 
|   2|0x0000000080c00000, 0x0000000080d00000, 0x0000000080d00000|100%| O|  |TAMS 0x0000000080c00000, 0x0000000080c00000| Untracked 
|   3|0x0000000080d00000, 0x0000000080e00000, 0x0000000080e00000|100%| O|  |TAMS 0x0000000080d00000, 0x0000000080d00000| Untracked 
|   4|0x0000000080e00000, 0x0000000080f00000, 0x0000000080f00000|100%| O|  |TAMS 0x0000000080e00000, 0x0000000080e00000| Untracked 
|   5|0x0000000080f00000, 0x0000000081000000, 0x0000000081000000|100%| O|  |TAMS 0x0000000080f00000, 0x0000000080f00000| Untracked 
|   6|0x0000000081000000, 0x000000008105fe00, 0x0000000081100000| 37%| O|  |TAMS 0x0000000081000000, 0x0000000081000000| Untracked 
|   7|0x0000000081100000, 0x0000000081100000, 0x0000000081200000|  0%| F|  |TAMS 0x0000000081100000, 0x0000000081100000| Untracked 
|   8|0x0000000081200000, 0x0000000081200000, 0x0000000081300000|  0%| F|  |TAMS 0x0000000081200000, 0x0000000081200000| Untracked 
|   9|0x0000000081300000, 0x0000000081300000, 0x0000000081400000|  0%| F|  |TAMS 0x0000000081300000, 0x0000000081300000| Untracked 
|  10|0x0000000081400000, 0x0000000081400000, 0x0000000081500000|  0%| F|  |TAMS 0x0000000081400000, 0x0000000081400000| Untracked 
|  11|0x0000000081500000, 0x0000000081500000, 0x0000000081600000|  0%| F|  |TAMS 0x0000000081500000, 0x0000000081500000| Untracked 
|  12|0x0000000081600000, 0x0000000081600000, 0x0000000081700000|  0%| F|  |TAMS 0x0000000081600000, 0x0000000081600000| Untracked 
|  13|0x0000000081700000, 0x0000000081700000, 0x0000000081800000|  0%| F|  |TAMS 0x0000000081700000, 0x0000000081700000| Untracked 
|  14|0x0000000081800000, 0x0000000081800000, 0x0000000081900000|  0%| F|  |TAMS 0x0000000081800000, 0x0000000081800000| Untracked 
|  15|0x0000000081900000, 0x0000000081900000, 0x0000000081a00000|  0%| F|  |TAMS 0x0000000081900000, 0x0000000081900000| Untracked 
|  16|0x0000000081a00000, 0x0000000081a00000, 0x0000000081b00000|  0%| F|  |TAMS 0x0000000081a00000, 0x0000000081a00000| Untracked 
|  17|0x0000000081b00000, 0x0000000081b00000, 0x0000000081c00000|  0%| F|  |TAMS 0x0000000081b00000, 0x0000000081b00000| Untracked 
|  18|0x0000000081c00000, 0x0000000081c00000, 0x0000000081d00000|  0%| F|  |TAMS 0x0000000081c00000, 0x0000000081c00000| Untracked 
|  19|0x0000000081d00000, 0x0000000081d00000, 0x0000000081e00000|  0%| F|  |TAMS 0x0000000081d00000, 0x0000000081d00000| Untracked 
|  20|0x0000000081e00000, 0x0000000081e00000, 0x0000000081f00000|  0%| F|  |TAMS 0x0000000081e00000, 0x0000000081e00000| Untracked 
|  21|0x0000000081f00000, 0x0000000081f00000, 0x0000000082000000|  0%| F|  |TAMS 0x0000000081f00000, 0x0000000081f00000| Untracked 
|  22|0x0000000082000000, 0x0000000082000000, 0x0000000082100000|  0%| F|  |TAMS 0x0000000082000000, 0x0000000082000000| Untracked 
|  23|0x0000000082100000, 0x0000000082100000, 0x0000000082200000|  0%| F|  |TAMS 0x0000000082100000, 0x0000000082100000| Untracked 
|  24|0x0000000082200000, 0x0000000082200000, 0x0000000082300000|  0%| F|  |TAMS 0x0000000082200000, 0x0000000082200000| Untracked 
|  25|0x0000000082300000, 0x0000000082300000, 0x0000000082400000|  0%| F|  |TAMS 0x0000000082300000, 0x0000000082300000| Untracked 
|  26|0x0000000082400000, 0x0000000082400000, 0x0000000082500000|  0%| F|  |TAMS 0x0000000082400000, 0x0000000082400000| Untracked 
|  27|0x0000000082500000, 0x0000000082500000, 0x0000000082600000|  0%| F|  |TAMS 0x0000000082500000, 0x0000000082500000| Untracked 
|  28|0x0000000082600000, 0x0000000082600000, 0x0000000082700000|  0%| F|  |TAMS 0x0000000082600000, 0x0000000082600000| Untracked 
|  29|0x0000000082700000, 0x0000000082700000, 0x0000000082800000|  0%| F|  |TAMS 0x0000000082700000, 0x0000000082700000| Untracked 
|  30|0x0000000082800000, 0x0000000082800000, 0x0000000082900000|  0%| F|  |TAMS 0x0000000082800000, 0x0000000082800000| Untracked 
|  31|0x0000000082900000, 0x0000000082900000, 0x0000000082a00000|  0%| F|  |TAMS 0x0000000082900000, 0x0000000082900000| Untracked 
|  32|0x0000000082a00000, 0x0000000082a00000, 0x0000000082b00000|  0%| F|  |TAMS 0x0000000082a00000, 0x0000000082a00000| Untracked 
|  33|0x0000000082b00000, 0x0000000082b00000, 0x0000000082c00000|  0%| F|  |TAMS 0x0000000082b00000, 0x0000000082b00000| Untracked 
|  34|0x0000000082c00000, 0x0000000082c00000, 0x0000000082d00000|  0%| F|  |TAMS 0x0000000082c00000, 0x0000000082c00000| Untracked 
|  35|0x0000000082d00000, 0x0000000082d00000, 0x0000000082e00000|  0%| F|  |TAMS 0x0000000082d00000, 0x0000000082d00000| Untracked 
|  36|0x0000000082e00000, 0x0000000082e00000, 0x0000000082f00000|  0%| F|  |TAMS 0x0000000082e00000, 0x0000000082e00000| Untracked 
|  37|0x0000000082f00000, 0x0000000082f00000, 0x0000000083000000|  0%| F|  |TAMS 0x0000000082f00000, 0x0000000082f00000| Untracked 
|  38|0x0000000083000000, 0x0000000083000000, 0x0000000083100000|  0%| F|  |TAMS 0x0000000083000000, 0x0000000083000000| Untracked 
|  39|0x0000000083100000, 0x0000000083100000, 0x0000000083200000|  0%| F|  |TAMS 0x0000000083100000, 0x0000000083100000| Untracked 
|  40|0x0000000083200000, 0x0000000083200000, 0x0000000083300000|  0%| F|  |TAMS 0x0000000083200000, 0x0000000083200000| Untracked 
|  41|0x0000000083300000, 0x0000000083300000, 0x0000000083400000|  0%| F|  |TAMS 0x0000000083300000, 0x0000000083300000| Untracked 
|  42|0x0000000083400000, 0x0000000083400000, 0x0000000083500000|  0%| F|  |TAMS 0x0000000083400000, 0x0000000083400000| Untracked 
|  43|0x0000000083500000, 0x0000000083500000, 0x0000000083600000|  0%| F|  |TAMS 0x0000000083500000, 0x0000000083500000| Untracked 
|  44|0x0000000083600000, 0x0000000083600000, 0x0000000083700000|  0%| F|  |TAMS 0x0000000083600000, 0x0000000083600000| Untracked 
|  45|0x0000000083700000, 0x0000000083700000, 0x0000000083800000|  0%| F|  |TAMS 0x0000000083700000, 0x0000000083700000| Untracked 
|  46|0x0000000083800000, 0x0000000083800000, 0x0000000083900000|  0%| F|  |TAMS 0x0000000083800000, 0x0000000083800000| Untracked 
|  47|0x0000000083900000, 0x0000000083900000, 0x0000000083a00000|  0%| F|  |TAMS 0x0000000083900000, 0x0000000083900000| Untracked 
|  48|0x0000000083a00000, 0x0000000083a00000, 0x0000000083b00000|  0%| F|  |TAMS 0x0000000083a00000, 0x0000000083a00000| Untracked 
|  49|0x0000000083b00000, 0x0000000083b00000, 0x0000000083c00000|  0%| F|  |TAMS 0x0000000083b00000, 0x0000000083b00000| Untracked 
|  50|0x0000000083c00000, 0x0000000083c00000, 0x0000000083d00000|  0%| F|  |TAMS 0x0000000083c00000, 0x0000000083c00000| Untracked 
|  51|0x0000000083d00000, 0x0000000083d00000, 0x0000000083e00000|  0%| F|  |TAMS 0x0000000083d00000, 0x0000000083d00000| Untracked 
|  52|0x0000000083e00000, 0x0000000083e00000, 0x0000000083f00000|  0%| F|  |TAMS 0x0000000083e00000, 0x0000000083e00000| Untracked 
|  53|0x0000000083f00000, 0x0000000083f00000, 0x0000000084000000|  0%| F|  |TAMS 0x0000000083f00000, 0x0000000083f00000| Untracked 
|  54|0x0000000084000000, 0x0000000084000000, 0x0000000084100000|  0%| F|  |TAMS 0x0000000084000000, 0x0000000084000000| Untracked 
|  55|0x0000000084100000, 0x0000000084100000, 0x0000000084200000|  0%| F|  |TAMS 0x0000000084100000, 0x0000000084100000| Untracked 
|  56|0x0000000084200000, 0x0000000084200000, 0x0000000084300000|  0%| F|  |TAMS 0x0000000084200000, 0x0000000084200000| Untracked 
|  57|0x0000000084300000, 0x0000000084300000, 0x0000000084400000|  0%| F|  |TAMS 0x0000000084300000, 0x0000000084300000| Untracked 
|  58|0x0000000084400000, 0x0000000084400000, 0x0000000084500000|  0%| F|  |TAMS 0x0000000084400000, 0x0000000084400000| Untracked 
|  59|0x0000000084500000, 0x0000000084500000, 0x0000000084600000|  0%| F|  |TAMS 0x0000000084500000, 0x0000000084500000| Untracked 
|  60|0x0000000084600000, 0x0000000084600000, 0x0000000084700000|  0%| F|  |TAMS 0x0000000084600000, 0x0000000084600000| Untracked 
|  61|0x0000000084700000, 0x0000000084700000, 0x0000000084800000|  0%| F|  |TAMS 0x0000000084700000, 0x0000000084700000| Untracked 
|  62|0x0000000084800000, 0x0000000084800000, 0x0000000084900000|  0%| F|  |TAMS 0x0000000084800000, 0x0000000084800000| Untracked 
|  63|0x0000000084900000, 0x0000000084900000, 0x0000000084a00000|  0%| F|  |TAMS 0x0000000084900000, 0x0000000084900000| Untracked 
|  64|0x0000000084a00000, 0x0000000084a00000, 0x0000000084b00000|  0%| F|  |TAMS 0x0000000084a00000, 0x0000000084a00000| Untracked 
|  65|0x0000000084b00000, 0x0000000084b00000, 0x0000000084c00000|  0%| F|  |TAMS 0x0000000084b00000, 0x0000000084b00000| Untracked 
|  66|0x0000000084c00000, 0x0000000084c00000, 0x0000000084d00000|  0%| F|  |TAMS 0x0000000084c00000, 0x0000000084c00000| Untracked 
|  67|0x0000000084d00000, 0x0000000084d00000, 0x0000000084e00000|  0%| F|  |TAMS 0x0000000084d00000, 0x0000000084d00000| Untracked 
|  68|0x0000000084e00000, 0x0000000084e00000, 0x0000000084f00000|  0%| F|  |TAMS 0x0000000084e00000, 0x0000000084e00000| Untracked 
|  69|0x0000000084f00000, 0x0000000084f00000, 0x0000000085000000|  0%| F|  |TAMS 0x0000000084f00000, 0x0000000084f00000| Untracked 
|  70|0x0000000085000000, 0x0000000085000000, 0x0000000085100000|  0%| F|  |TAMS 0x0000000085000000, 0x0000000085000000| Untracked 
|  71|0x0000000085100000, 0x0000000085100000, 0x0000000085200000|  0%| F|  |TAMS 0x0000000085100000, 0x0000000085100000| Untracked 
|  72|0x0000000085200000, 0x0000000085200000, 0x0000000085300000|  0%| F|  |TAMS 0x0000000085200000, 0x0000000085200000| Untracked 
|  73|0x0000000085300000, 0x0000000085300000, 0x0000000085400000|  0%| F|  |TAMS 0x0000000085300000, 0x0000000085300000| Untracked 
|  74|0x0000000085400000, 0x0000000085400000, 0x0000000085500000|  0%| F|  |TAMS 0x0000000085400000, 0x0000000085400000| Untracked 
|  75|0x0000000085500000, 0x0000000085500000, 0x0000000085600000|  0%| F|  |TAMS 0x0000000085500000, 0x0000000085500000| Untracked 
|  76|0x0000000085600000, 0x0000000085600000, 0x0000000085700000|  0%| F|  |TAMS 0x0000000085600000, 0x0000000085600000| Untracked 
|  77|0x0000000085700000, 0x0000000085700000, 0x0000000085800000|  0%| F|  |TAMS 0x0000000085700000, 0x0000000085700000| Untracked 
|  78|0x0000000085800000, 0x0000000085800000, 0x0000000085900000|  0%| F|  |TAMS 0x0000000085800000, 0x0000000085800000| Untracked 
|  79|0x0000000085900000, 0x0000000085900000, 0x0000000085a00000|  0%| F|  |TAMS 0x0000000085900000, 0x0000000085900000| Untracked 
|  80|0x0000000085a00000, 0x0000000085a00000, 0x0000000085b00000|  0%| F|  |TAMS 0x0000000085a00000, 0x0000000085a00000| Untracked 
|  81|0x0000000085b00000, 0x0000000085b00000, 0x0000000085c00000|  0%| F|  |TAMS 0x0000000085b00000, 0x0000000085b00000| Untracked 
|  82|0x0000000085c00000, 0x0000000085c00000, 0x0000000085d00000|  0%| F|  |TAMS 0x0000000085c00000, 0x0000000085c00000| Untracked 
|  83|0x0000000085d00000, 0x0000000085d00000, 0x0000000085e00000|  0%| F|  |TAMS 0x0000000085d00000, 0x0000000085d00000| Untracked 
|  84|0x0000000085e00000, 0x0000000085e00000, 0x0000000085f00000|  0%| F|  |TAMS 0x0000000085e00000, 0x0000000085e00000| Untracked 
|  85|0x0000000085f00000, 0x0000000085f00000, 0x0000000086000000|  0%| F|  |TAMS 0x0000000085f00000, 0x0000000085f00000| Untracked 
|  86|0x0000000086000000, 0x0000000086000000, 0x0000000086100000|  0%| F|  |TAMS 0x0000000086000000, 0x0000000086000000| Untracked 
|  87|0x0000000086100000, 0x0000000086100000, 0x0000000086200000|  0%| F|  |TAMS 0x0000000086100000, 0x0000000086100000| Untracked 
|  88|0x0000000086200000, 0x0000000086200000, 0x0000000086300000|  0%| F|  |TAMS 0x0000000086200000, 0x0000000086200000| Untracked 
|  89|0x0000000086300000, 0x0000000086300000, 0x0000000086400000|  0%| F|  |TAMS 0x0000000086300000, 0x0000000086300000| Untracked 
|  90|0x0000000086400000, 0x0000000086400000, 0x0000000086500000|  0%| F|  |TAMS 0x0000000086400000, 0x0000000086400000| Untracked 
|  91|0x0000000086500000, 0x0000000086500000, 0x0000000086600000|  0%| F|  |TAMS 0x0000000086500000, 0x0000000086500000| Untracked 
|  92|0x0000000086600000, 0x0000000086600000, 0x0000000086700000|  0%| F|  |TAMS 0x0000000086600000, 0x0000000086600000| Untracked 
|  93|0x0000000086700000, 0x0000000086700000, 0x0000000086800000|  0%| F|  |TAMS 0x0000000086700000, 0x0000000086700000| Untracked 
|  94|0x0000000086800000, 0x0000000086800000, 0x0000000086900000|  0%| F|  |TAMS 0x0000000086800000, 0x0000000086800000| Untracked 
|  95|0x0000000086900000, 0x0000000086900000, 0x0000000086a00000|  0%| F|  |TAMS 0x0000000086900000, 0x0000000086900000| Untracked 
|  96|0x0000000086a00000, 0x0000000086a00000, 0x0000000086b00000|  0%| F|  |TAMS 0x0000000086a00000, 0x0000000086a00000| Untracked 
|  97|0x0000000086b00000, 0x0000000086b00000, 0x0000000086c00000|  0%| F|  |TAMS 0x0000000086b00000, 0x0000000086b00000| Untracked 
|  98|0x0000000086c00000, 0x0000000086c00000, 0x0000000086d00000|  0%| F|  |TAMS 0x0000000086c00000, 0x0000000086c00000| Untracked 
|  99|0x0000000086d00000, 0x0000000086d00000, 0x0000000086e00000|  0%| F|  |TAMS 0x0000000086d00000, 0x0000000086d00000| Untracked 
| 100|0x0000000086e00000, 0x0000000086e00000, 0x0000000086f00000|  0%| F|  |TAMS 0x0000000086e00000, 0x0000000086e00000| Untracked 
| 101|0x0000000086f00000, 0x0000000086fa4a60, 0x0000000087000000| 64%| E|  |TAMS 0x0000000086f00000, 0x0000000086f00000| Complete 
| 102|0x0000000087000000, 0x0000000087100000, 0x0000000087100000|100%| E|CS|TAMS 0x0000000087000000, 0x0000000087000000| Complete 
| 103|0x0000000087100000, 0x0000000087200000, 0x0000000087200000|100%| E|CS|TAMS 0x0000000087100000, 0x0000000087100000| Complete 
| 104|0x0000000087200000, 0x0000000087300000, 0x0000000087300000|100%| E|CS|TAMS 0x0000000087200000, 0x0000000087200000| Complete 
| 105|0x0000000087300000, 0x0000000087400000, 0x0000000087400000|100%| E|CS|TAMS 0x0000000087300000, 0x0000000087300000| Complete 
| 106|0x0000000087400000, 0x0000000087500000, 0x0000000087500000|100%| E|CS|TAMS 0x0000000087400000, 0x0000000087400000| Complete 
| 107|0x0000000087500000, 0x0000000087600000, 0x0000000087600000|100%| E|CS|TAMS 0x0000000087500000, 0x0000000087500000| Complete 
| 108|0x0000000087600000, 0x0000000087700000, 0x0000000087700000|100%| E|  |TAMS 0x0000000087600000, 0x0000000087600000| Complete 
| 109|0x0000000087700000, 0x0000000087800000, 0x0000000087800000|100%| E|CS|TAMS 0x0000000087700000, 0x0000000087700000| Complete 
| 110|0x0000000087800000, 0x0000000087900000, 0x0000000087900000|100%| E|CS|TAMS 0x0000000087800000, 0x0000000087800000| Complete 
| 111|0x0000000087900000, 0x0000000087a00000, 0x0000000087a00000|100%| E|CS|TAMS 0x0000000087900000, 0x0000000087900000| Complete 
| 112|0x0000000087a00000, 0x0000000087a10568, 0x0000000087b00000|  6%| S|CS|TAMS 0x0000000087a00000, 0x0000000087a00000| Complete 
| 113|0x0000000087b00000, 0x0000000087c00000, 0x0000000087c00000|100%| E|CS|TAMS 0x0000000087b00000, 0x0000000087b00000| Complete 
| 114|0x0000000087c00000, 0x0000000087d00000, 0x0000000087d00000|100%| E|CS|TAMS 0x0000000087c00000, 0x0000000087c00000| Complete 
| 115|0x0000000087d00000, 0x0000000087e00000, 0x0000000087e00000|100%| S|CS|TAMS 0x0000000087d00000, 0x0000000087d00000| Complete 
| 116|0x0000000087e00000, 0x0000000087f00000, 0x0000000087f00000|100%| E|CS|TAMS 0x0000000087e00000, 0x0000000087e00000| Complete 
| 117|0x0000000087f00000, 0x0000000088000000, 0x0000000088000000|100%| E|CS|TAMS 0x0000000087f00000, 0x0000000087f00000| Complete 
| 118|0x0000000088000000, 0x0000000088100000, 0x0000000088100000|100%| E|CS|TAMS 0x0000000088000000, 0x0000000088000000| Complete 
| 119|0x0000000088100000, 0x0000000088200000, 0x0000000088200000|100%| E|CS|TAMS 0x0000000088100000, 0x0000000088100000| Complete 
| 120|0x0000000088200000, 0x0000000088300000, 0x0000000088300000|100%| E|CS|TAMS 0x0000000088200000, 0x0000000088200000| Complete 
| 121|0x0000000088300000, 0x0000000088400000, 0x0000000088400000|100%| E|CS|TAMS 0x0000000088300000, 0x0000000088300000| Complete 
| 122|0x0000000088400000, 0x0000000088500000, 0x0000000088500000|100%| E|CS|TAMS 0x0000000088400000, 0x0000000088400000| Complete 
| 123|0x0000000088500000, 0x0000000088600000, 0x0000000088600000|100%| E|CS|TAMS 0x0000000088500000, 0x0000000088500000| Complete 
| 124|0x0000000088600000, 0x0000000088700000, 0x0000000088700000|100%| E|CS|TAMS 0x0000000088600000, 0x0000000088600000| Complete 
| 125|0x0000000088700000, 0x0000000088800000, 0x0000000088800000|100%| E|CS|TAMS 0x0000000088700000, 0x0000000088700000| Complete 
| 126|0x0000000088800000, 0x0000000088900000, 0x0000000088900000|100%| E|CS|TAMS 0x0000000088800000, 0x0000000088800000| Complete 
| 127|0x0000000088900000, 0x0000000088a00000, 0x0000000088a00000|100%| E|CS|TAMS 0x0000000088900000, 0x0000000088900000| Complete 

Card table byte_map: [0x0000019433f70000,0x0000019434370000] _byte_map_base: 0x0000019433b6b000

Marking Bits (Prev, Next): (CMBitMap*) 0x000001941d369210, (CMBitMap*) 0x000001941d369250
 Prev Bits: [0x0000019434770000, 0x0000019436748000)
 Next Bits: [0x0000019436750000, 0x0000019438728000)

Polling page: 0x000001941b2e0000

Metaspace:

Usage:
  Non-class:     11.33 MB used.
      Class:      1.56 MB used.
       Both:     12.89 MB used.

Virtual space:
  Non-class space:       16.00 MB reserved,      11.44 MB ( 71%) committed,  2 nodes.
      Class space:        1.00 GB reserved,       1.62 MB ( <1%) committed,  1 nodes.
             Both:        1.02 GB reserved,      13.06 MB (  1%) committed. 

Chunk freelists:
   Non-Class:  48.00 KB
       Class:  2.36 MB
        Both:  2.41 MB

MaxMetaspaceSize: unlimited
CompressedClassSpaceSize: 1.00 GB
Initial GC threshold: 21.00 MB
Current GC threshold: 21.00 MB
CDS: on
MetaspaceReclaimPolicy: balanced
 - commit_granule_bytes: 65536.
 - commit_granule_words: 8192.
 - virtual_space_node_default_size: 1048576.
 - enlarge_chunks_in_place: 1.
 - new_chunks_are_fully_committed: 0.
 - uncommit_free_chunks: 1.
 - use_allocation_guard: 0.
 - handle_deallocations: 1.


Internal statistics:

num_allocs_failed_limit: 0.
num_arena_births: 160.
num_arena_deaths: 0.
num_vsnodes_births: 3.
num_vsnodes_deaths: 0.
num_space_committed: 209.
num_space_uncommitted: 0.
num_chunks_returned_to_freelist: 0.
num_chunks_taken_from_freelist: 560.
num_chunk_merges: 0.
num_chunk_splits: 391.
num_chunks_enlarged: 322.
num_purges: 0.
num_inconsistent_stats: 0.

CodeHeap 'non-profiled nmethods': size=120000Kb used=567Kb max_used=567Kb free=119432Kb
 bounds [0x000001942c640000, 0x000001942c8b0000, 0x0000019433b70000]
CodeHeap 'profiled nmethods': size=120000Kb used=3144Kb max_used=3144Kb free=116855Kb
 bounds [0x0000019425110000, 0x0000019425430000, 0x000001942c640000]
CodeHeap 'non-nmethods': size=5760Kb used=1187Kb max_used=1207Kb free=4572Kb
 bounds [0x0000019424b70000, 0x0000019424de0000, 0x0000019425110000]
 total_blobs=2176 nmethods=1693 adapters=395
 compilation: enabled
              stopped_count=0, restarted_count=0
 full_count=0

Compilation events (20 events):
Event: 0.927 Thread 0x000001943abc8f00 nmethod 1626 0x00000194253fcc90 code [0x00000194253fce40, 0x00000194253fd088]
Event: 0.927 Thread 0x000001943abc8f00 1611       3       java.util.Locale$Cache::createObject (41 bytes)
Event: 0.927 Thread 0x000001943abc8f00 nmethod 1611 0x00000194253fd190 code [0x00000194253fd380, 0x00000194253fdbd8]
Event: 0.927 Thread 0x000001943abc8f00 1619       3       sun.util.locale.BaseLocale$Cache::normalizeKey (9 bytes)
Event: 0.927 Thread 0x000001943abc8f00 nmethod 1619 0x00000194253fde10 code [0x00000194253fdfc0, 0x00000194253fe268]
Event: 0.927 Thread 0x000001943abc8f00 1627       3       sun.util.locale.BaseLocale$Cache::normalizeKey (5 bytes)
Event: 0.927 Thread 0x000001943abc8f00 nmethod 1627 0x00000194253fe390 code [0x00000194253fe520, 0x00000194253fe668]
Event: 0.927 Thread 0x000001943abc8f00 1628       3       sun.util.locale.BaseLocale$Cache::createObject (9 bytes)
Event: 0.927 Thread 0x000001943abc8f00 nmethod 1628 0x00000194253fe710 code [0x00000194253fe900, 0x00000194253fee38]
Event: 0.927 Thread 0x000001943abc8f00 1632       3       java.util.Locale::equals (75 bytes)
Event: 0.927 Thread 0x000001943abc8f00 nmethod 1632 0x00000194253ff010 code [0x00000194253ff220, 0x00000194253ff998]
Event: 0.927 Thread 0x000001943abc8f00 1631       3       java.util.Locale::hasExtensions (13 bytes)
Event: 0.928 Thread 0x000001943abc8f00 nmethod 1631 0x00000194253ffb10 code [0x00000194253ffca0, 0x00000194253ffe18]
Event: 0.928 Thread 0x000001943abc8f00 1617       3       sun.util.locale.BaseLocale$Key::getBaseLocale (25 bytes)
Event: 0.928 Thread 0x000001943abc8f00 nmethod 1617 0x00000194253ffe90 code [0x0000019425400040, 0x0000019425400388]
Event: 0.928 Thread 0x000001943abc8f00 1634       3       sun.util.locale.BaseLocale::equals (71 bytes)
Event: 0.928 Thread 0x000001943abc8f00 nmethod 1634 0x0000019425400490 code [0x0000019425400660, 0x0000019425400b58]
Event: 0.928 Thread 0x000001943abc8f00 1633       3       java.util.Locale::stripExtensions (20 bytes)
Event: 0.928 Thread 0x000001943abc8f00 nmethod 1633 0x0000019425400c10 code [0x0000019425400dc0, 0x0000019425401048]
Event: 0.928 Thread 0x000001943abc8f00 1600       3       sun.util.locale.LanguageTag::isRegion (36 bytes)

GC Heap History (4 events):
Event: 0.411 GC heap before
{Heap before GC invocations=0 (full 0):
 garbage-first heap   total 131072K, used 14336K [0x0000000080a00000, 0x0000000100000000)
  region size 1024K, 13 young (13312K), 0 survivors (0K)
 Metaspace       used 3477K, committed 3648K, reserved 1056768K
  class space    used 376K, committed 448K, reserved 1048576K
}
Event: 0.415 GC heap after
{Heap after GC invocations=1 (full 0):
 garbage-first heap   total 131072K, used 6496K [0x0000000080a00000, 0x0000000100000000)
  region size 1024K, 2 young (2048K), 2 survivors (2048K)
 Metaspace       used 3477K, committed 3648K, reserved 1056768K
  class space    used 376K, committed 448K, reserved 1048576K
}
Event: 0.688 GC heap before
{Heap before GC invocations=1 (full 0):
 garbage-first heap   total 131072K, used 18784K [0x0000000080a00000, 0x0000000100000000)
  region size 1024K, 14 young (14336K), 2 survivors (2048K)
 Metaspace       used 6583K, committed 6848K, reserved 1056768K
  class space    used 813K, committed 960K, reserved 1048576K
}
Event: 0.691 GC heap after
{Heap after GC invocations=2 (full 0):
 garbage-first heap   total 131072K, used 7616K [0x0000000080a00000, 0x0000000100000000)
  region size 1024K, 2 young (2048K), 2 survivors (2048K)
 Metaspace       used 6583K, committed 6848K, reserved 1056768K
  class space    used 813K, committed 960K, reserved 1048576K
}

Deoptimization events (20 events):
Event: 0.863 Thread 0x000001941d329480 Uncommon trap: trap_request=0xffffff45 fr.pc=0x000001942c692014 relative=0x00000000000010d4
Event: 0.863 Thread 0x000001941d329480 Uncommon trap: reason=unstable_if action=reinterpret pc=0x000001942c692014 method=java.io.WinNTFileSystem.normalize(Ljava/lang/String;II)Ljava/lang/String; @ 87 c2
Event: 0.863 Thread 0x000001941d329480 DEOPT PACKING pc=0x000001942c692014 sp=0x0000006f7cefee20
Event: 0.863 Thread 0x000001941d329480 DEOPT UNPACKING pc=0x0000019424bc23a3 sp=0x0000006f7cefed58 mode 2
Event: 0.902 Thread 0x000001941d329480 Uncommon trap: trap_request=0xffffff45 fr.pc=0x000001942c6a5660 relative=0x00000000000002c0
Event: 0.902 Thread 0x000001941d329480 Uncommon trap: reason=unstable_if action=reinterpret pc=0x000001942c6a5660 method=jdk.internal.org.objectweb.asm.SymbolTable.put(Ljdk/internal/org/objectweb/asm/SymbolTable$Entry;)Ljdk/internal/org/objectweb/asm/SymbolTable$Entry; @ 13 c2
Event: 0.902 Thread 0x000001941d329480 DEOPT PACKING pc=0x000001942c6a5660 sp=0x0000006f7cefd990
Event: 0.902 Thread 0x000001941d329480 DEOPT UNPACKING pc=0x0000019424bc23a3 sp=0x0000006f7cefd910 mode 2
Event: 0.927 Thread 0x000001943b89b620 Uncommon trap: trap_request=0xffffff45 fr.pc=0x000001942c64b000 relative=0x00000000000003e0
Event: 0.927 Thread 0x000001943b89b620 Uncommon trap: reason=unstable_if action=reinterpret pc=0x000001942c64b000 method=java.lang.StringLatin1.canEncode(I)Z @ 4 c2
Event: 0.927 Thread 0x000001943b89b620 DEOPT PACKING pc=0x000001942c64b000 sp=0x0000006f7e5fdef0
Event: 0.927 Thread 0x000001943b89b620 DEOPT UNPACKING pc=0x0000019424bc23a3 sp=0x0000006f7e5fde18 mode 2
Event: 0.927 Thread 0x000001943b89b620 Uncommon trap: trap_request=0xffffff45 fr.pc=0x000001942c64b970 relative=0x00000000000003d0
Event: 0.927 Thread 0x000001943b89b620 Uncommon trap: reason=unstable_if action=reinterpret pc=0x000001942c64b970 method=java.lang.AbstractStringBuilder.isLatin1()Z @ 10 c2
Event: 0.927 Thread 0x000001943b89b620 DEOPT PACKING pc=0x000001942c64b970 sp=0x0000006f7e5fdf10
Event: 0.927 Thread 0x000001943b89b620 DEOPT UNPACKING pc=0x0000019424bc23a3 sp=0x0000006f7e5fde90 mode 2
Event: 0.927 Thread 0x000001943b89b620 Uncommon trap: trap_request=0xffffff45 fr.pc=0x000001942c64dadc relative=0x000000000000005c
Event: 0.927 Thread 0x000001943b89b620 Uncommon trap: reason=unstable_if action=reinterpret pc=0x000001942c64dadc method=java.lang.AbstractStringBuilder.isLatin1()Z @ 10 c2
Event: 0.927 Thread 0x000001943b89b620 DEOPT PACKING pc=0x000001942c64dadc sp=0x0000006f7e5fdef0
Event: 0.927 Thread 0x000001943b89b620 DEOPT UNPACKING pc=0x0000019424bc23a3 sp=0x0000006f7e5fde80 mode 2

Classes unloaded (0 events):
No events

Classes redefined (0 events):
No events

Internal exceptions (20 events):
Event: 0.641 Thread 0x000001941d329480 Exception <a 'java/lang/NoSuchMethodError'{0x0000000087f16cd0}: 'int java.lang.invoke.DirectMethodHandle$Holder.invokeInterface(java.lang.Object, java.lang.Object)'> (0x0000000087f16cd0) 
thrown [t:\workspace\open\src\hotspot\share\interpreter\linkResolver.cpp, line 766]
Event: 0.672 Thread 0x000001941d329480 Exception <a 'java/lang/NoSuchMethodError'{0x0000000087e3b8f8}: 'java.lang.Object java.lang.invoke.DirectMethodHandle$Holder.invokeSpecial(java.lang.Object, java.lang.Object, java.lang.Object, int, java.lang.Object)'> (0x0000000087e3b8f8) 
thrown [t:\workspace\open\src\hotspot\share\interpreter\linkResolver.cpp, line 766]
Event: 0.673 Thread 0x000001941d329480 Exception <a 'java/lang/NoSuchMethodError'{0x0000000087e43f58}: 'java.lang.Object java.lang.invoke.DirectMethodHandle$Holder.newInvokeSpecial(java.lang.Object, java.lang.Object, java.lang.Object, int, java.lang.Object)'> (0x0000000087e43f58) 
thrown [t:\workspace\open\src\hotspot\share\interpreter\linkResolver.cpp, line 766]
Event: 0.674 Thread 0x000001941d329480 Exception <a 'java/lang/NoSuchMethodError'{0x0000000087e4bb90}: 'java.lang.Object java.lang.invoke.Invokers$Holder.linkToTargetMethod(java.lang.Object, java.lang.Object, int, java.lang.Object, java.lang.Object)'> (0x0000000087e4bb90) 
thrown [t:\workspace\open\src\hotspot\share\interpreter\linkResolver.cpp, line 766]
Event: 0.675 Thread 0x000001941d329480 Exception <a 'java/lang/NoSuchMethodError'{0x0000000087e5ac98}: 'java.lang.Object java.lang.invoke.DirectMethodHandle$Holder.newInvokeSpecial(java.lang.Object, int, java.lang.Object)'> (0x0000000087e5ac98) 
thrown [t:\workspace\open\src\hotspot\share\interpreter\linkResolver.cpp, line 766]
Event: 0.675 Thread 0x000001941d329480 Exception <a 'java/lang/NoSuchMethodError'{0x0000000087e5f978}: 'int java.lang.invoke.DirectMethodHandle$Holder.invokeSpecialIFC(java.lang.Object, java.lang.Object, java.lang.Object, java.lang.Object)'> (0x0000000087e5f978) 
thrown [t:\workspace\open\src\hotspot\share\interpreter\linkResolver.cpp, line 766]
Event: 0.696 Thread 0x000001941d329480 Exception <a 'java/lang/NoSuchMethodError'{0x000000008892ceb0}: 'void java.lang.invoke.DirectMethodHandle$Holder.invokeInterface(java.lang.Object, java.lang.Object, java.lang.Object)'> (0x000000008892ceb0) 
thrown [t:\workspace\open\src\hotspot\share\interpreter\linkResolver.cpp, line 766]
Event: 0.711 Thread 0x000001941d329480 Exception <a 'java/lang/NoSuchMethodError'{0x00000000889d0290}: 'void java.lang.invoke.DirectMethodHandle$Holder.invokeStatic(java.lang.Object, java.lang.Object)'> (0x00000000889d0290) 
thrown [t:\workspace\open\src\hotspot\share\interpreter\linkResolver.cpp, line 766]
Event: 0.711 Thread 0x000001941d329480 Exception <a 'java/lang/NoSuchMethodError'{0x00000000889d3a90}: 'void java.lang.invoke.DirectMethodHandle$Holder.invokeStaticInit(java.lang.Object, java.lang.Object)'> (0x00000000889d3a90) 
thrown [t:\workspace\open\src\hotspot\share\interpreter\linkResolver.cpp, line 766]
Event: 0.713 Thread 0x000001941d329480 Exception <a 'java/lang/NoSuchMethodError'{0x00000000889e0958}: 'void java.lang.invoke.DirectMethodHandle$Holder.invokeStaticInit(java.lang.Object, java.lang.Object, java.lang.Object)'> (0x00000000889e0958) 
thrown [t:\workspace\open\src\hotspot\share\interpreter\linkResolver.cpp, line 766]
Event: 0.717 Thread 0x000001941d329480 Exception <a 'java/lang/NoSuchMethodError'{0x000000008881dab0}: 'java.lang.Object java.lang.invoke.DirectMethodHandle$Holder.invokeStatic(java.lang.Object, java.lang.Object, long, java.lang.Object)'> (0x000000008881dab0) 
thrown [t:\workspace\open\src\hotspot\share\interpreter\linkResolver.cpp, line 766]
Event: 0.717 Thread 0x000001941d329480 Exception <a 'java/lang/NoSuchMethodError'{0x0000000088821548}: 'java.lang.Object java.lang.invoke.DirectMethodHandle$Holder.invokeStaticInit(java.lang.Object, java.lang.Object, long, java.lang.Object)'> (0x0000000088821548) 
thrown [t:\workspace\open\src\hotspot\share\interpreter\linkResolver.cpp, line 766]
Event: 0.718 Thread 0x000001941d329480 Exception <a 'java/lang/NoSuchMethodError'{0x0000000088827cc8}: 'java.lang.Object java.lang.invoke.DirectMethodHandle$Holder.newInvokeSpecial(java.lang.Object, java.lang.Object, long)'> (0x0000000088827cc8) 
thrown [t:\workspace\open\src\hotspot\share\interpreter\linkResolver.cpp, line 766]
Event: 0.718 Thread 0x000001941d329480 Exception <a 'java/lang/NoSuchMethodError'{0x000000008882b838}: 'java.lang.Object java.lang.invoke.Invokers$Holder.linkToTargetMethod(java.lang.Object, long, java.lang.Object)'> (0x000000008882b838) 
thrown [t:\workspace\open\src\hotspot\share\interpreter\linkResolver.cpp, line 766]
Event: 0.728 Thread 0x000001941d329480 Exception <a 'java/lang/NoSuchMethodError'{0x0000000088876578}: 'void java.lang.invoke.DirectMethodHandle$Holder.invokeVirtual(java.lang.Object, java.lang.Object, java.lang.Object, java.lang.Object)'> (0x0000000088876578) 
thrown [t:\workspace\open\src\hotspot\share\interpreter\linkResolver.cpp, line 766]
Event: 0.759 Thread 0x000001941d329480 Exception <a 'java/lang/NoSuchMethodError'{0x00000000887e2160}: 'void java.lang.invoke.DirectMethodHandle$Holder.invokeSpecial(java.lang.Object, java.lang.Object, java.lang.Object)'> (0x00000000887e2160) 
thrown [t:\workspace\open\src\hotspot\share\interpreter\linkResolver.cpp, line 766]
Event: 0.760 Thread 0x000001941d329480 Exception <a 'java/lang/NoSuchMethodError'{0x00000000887e8738}: 'void java.lang.invoke.DirectMethodHandle$Holder.invokeSpecial(java.lang.Object, java.lang.Object, java.lang.Object, java.lang.Object, java.lang.Object)'> (0x00000000887e8738) 
thrown [t:\workspace\open\src\hotspot\share\interpreter\linkResolver.cpp, line 766]
Event: 0.768 Thread 0x000001943b89b620 Exception <a 'java/lang/NoClassDefFoundError'{0x0000000088697288}: jakarta/validation/Validation> (0x0000000088697288) 
thrown [t:\workspace\open\src\hotspot\share\classfile\systemDictionary.cpp, line 245]
Event: 0.768 Thread 0x000001941d329480 Exception <a 'java/lang/IncompatibleClassChangeError'{0x00000000886153b0}: Found class java.lang.Object, but interface was expected> (0x00000000886153b0) 
thrown [t:\workspace\open\src\hotspot\share\interpreter\linkResolver.cpp, line 833]
Event: 0.867 Thread 0x000001941d329480 Exception <a 'java/lang/NoSuchMethodError'{0x0000000087c4ddf0}: 'java.lang.Object java.lang.invoke.DirectMethodHandle$Holder.invokeStatic(java.lang.Object, int, java.lang.Object)'> (0x0000000087c4ddf0) 
thrown [t:\workspace\open\src\hotspot\share\interpreter\linkResolver.cpp, line 766]

VM Operations (18 events):
Event: 0.119 Executing VM operation: HandshakeAllThreads
Event: 0.119 Executing VM operation: HandshakeAllThreads done
Event: 0.216 Executing VM operation: HandshakeAllThreads
Event: 0.216 Executing VM operation: HandshakeAllThreads done
Event: 0.294 Executing VM operation: HandshakeAllThreads
Event: 0.294 Executing VM operation: HandshakeAllThreads done
Event: 0.309 Executing VM operation: HandshakeAllThreads
Event: 0.309 Executing VM operation: HandshakeAllThreads done
Event: 0.411 Executing VM operation: G1CollectForAllocation
Event: 0.415 Executing VM operation: G1CollectForAllocation done
Event: 0.489 Executing VM operation: HandshakeAllThreads
Event: 0.489 Executing VM operation: HandshakeAllThreads done
Event: 0.653 Executing VM operation: HandshakeAllThreads
Event: 0.653 Executing VM operation: HandshakeAllThreads done
Event: 0.688 Executing VM operation: G1CollectForAllocation
Event: 0.691 Executing VM operation: G1CollectForAllocation done
Event: 0.757 Executing VM operation: HandshakeAllThreads
Event: 0.757 Executing VM operation: HandshakeAllThreads done

Events (20 events):
Event: 0.892 loading class jdk/internal/reflect/UTF8
Event: 0.892 loading class jdk/internal/reflect/UTF8 done
Event: 0.892 loading class jdk/internal/reflect/Label
Event: 0.892 loading class jdk/internal/reflect/Label done
Event: 0.892 loading class jdk/internal/reflect/Label$PatchInfo
Event: 0.892 loading class jdk/internal/reflect/Label$PatchInfo done
Event: 0.893 loading class jdk/internal/reflect/MethodAccessorGenerator$1
Event: 0.893 loading class jdk/internal/reflect/MethodAccessorGenerator$1 done
Event: 0.893 loading class jdk/internal/reflect/ClassDefiner
Event: 0.893 loading class jdk/internal/reflect/ClassDefiner done
Event: 0.893 loading class jdk/internal/reflect/ClassDefiner$1
Event: 0.893 loading class jdk/internal/reflect/ClassDefiner$1 done
Event: 0.893 loading class jdk/internal/reflect/BootstrapConstructorAccessorImpl
Event: 0.893 loading class jdk/internal/reflect/BootstrapConstructorAccessorImpl done
Event: 0.897 loading class java/lang/annotation/Repeatable
Event: 0.897 loading class java/lang/annotation/Repeatable done
Event: 0.926 loading class sun/text/resources/cldr/FormatData_en
Event: 0.926 loading class sun/text/resources/cldr/FormatData_en done
Event: 0.926 loading class sun/text/resources/cldr/FormatData_en_US
Event: 0.926 loading class sun/text/resources/cldr/FormatData_en_US done


Dynamic libraries:
0x00007ff6cbc10000 - 0x00007ff6cbc1e000 	E:\jdk-17.0.2\bin\javaw.exe
0x00007ff8a75b0000 - 0x00007ff8a77a8000 	C:\WINDOWS\SYSTEM32\ntdll.dll
0x00007ff8a5db0000 - 0x00007ff8a5e6f000 	C:\WINDOWS\System32\KERNEL32.DLL
0x00007ff8a5040000 - 0x00007ff8a5336000 	C:\WINDOWS\System32\KERNELBASE.dll
0x00007ff8a5340000 - 0x00007ff8a5440000 	C:\WINDOWS\System32\ucrtbase.dll
0x00007ff89fde0000 - 0x00007ff89fdf8000 	E:\jdk-17.0.2\bin\jli.dll
0x00007ff8a5610000 - 0x00007ff8a57ad000 	C:\WINDOWS\System32\USER32.dll
0x00007ff89f330000 - 0x00007ff89f34a000 	E:\jdk-17.0.2\bin\VCRUNTIME140.dll
0x00007ff8a4ec0000 - 0x00007ff8a4ee2000 	C:\WINDOWS\System32\win32u.dll
0x00007ff8a58d0000 - 0x00007ff8a58fc000 	C:\WINDOWS\System32\GDI32.dll
0x00007ff8a54f0000 - 0x00007ff8a5605000 	C:\WINDOWS\System32\gdi32full.dll
0x00007ff8855c0000 - 0x00007ff88585a000 	C:\WINDOWS\WinSxS\amd64_microsoft.windows.common-controls_6595b64144ccf1df_6.0.19041.1110_none_60b5254171f9507e\COMCTL32.dll
0x00007ff8a4c90000 - 0x00007ff8a4d2d000 	C:\WINDOWS\System32\msvcp_win.dll
0x00007ff8a6060000 - 0x00007ff8a60fe000 	C:\WINDOWS\System32\msvcrt.dll
0x00007ff8a6160000 - 0x00007ff8a6190000 	C:\WINDOWS\System32\IMM32.DLL
0x00007ff8a0300000 - 0x00007ff8a030c000 	E:\jdk-17.0.2\bin\vcruntime140_1.dll
0x00007ff87edb0000 - 0x00007ff87ee3d000 	E:\jdk-17.0.2\bin\msvcp140.dll
0x00007ff867850000 - 0x00007ff868411000 	E:\jdk-17.0.2\bin\server\jvm.dll
0x00007ff8a5810000 - 0x00007ff8a58bf000 	C:\WINDOWS\System32\ADVAPI32.dll
0x00007ff8a6b20000 - 0x00007ff8a6bbc000 	C:\WINDOWS\System32\sechost.dll
0x00007ff8a7370000 - 0x00007ff8a7496000 	C:\WINDOWS\System32\RPCRT4.dll
0x00007ff8a6240000 - 0x00007ff8a6248000 	C:\WINDOWS\System32\PSAPI.DLL
0x00007ff896ed0000 - 0x00007ff896ed9000 	C:\WINDOWS\SYSTEM32\WSOCK32.dll
0x00007ff8a62e0000 - 0x00007ff8a634b000 	C:\WINDOWS\System32\WS2_32.dll
0x00007ff896f90000 - 0x00007ff896fb7000 	C:\WINDOWS\SYSTEM32\WINMM.dll
0x00007ff89f6f0000 - 0x00007ff89f6fa000 	C:\WINDOWS\SYSTEM32\VERSION.dll
0x00007ff8a2a80000 - 0x00007ff8a2a92000 	C:\WINDOWS\SYSTEM32\kernel.appcore.dll
0x00007ff89f7e0000 - 0x00007ff89f7ea000 	E:\jdk-17.0.2\bin\jimage.dll
0x00007ff89da10000 - 0x00007ff89dbf4000 	C:\WINDOWS\SYSTEM32\DBGHELP.DLL
0x00007ff89cd40000 - 0x00007ff89cd74000 	C:\WINDOWS\SYSTEM32\dbgcore.DLL
0x00007ff8a4fb0000 - 0x00007ff8a5032000 	C:\WINDOWS\System32\bcryptPrimitives.dll
0x00007ff898980000 - 0x00007ff8989a5000 	E:\jdk-17.0.2\bin\java.dll
0x00007ff87c030000 - 0x00007ff87c106000 	E:\jdk-17.0.2\bin\jsvml.dll
0x00007ff8a6bc0000 - 0x00007ff8a7304000 	C:\WINDOWS\System32\SHELL32.dll
0x00007ff8a2d60000 - 0x00007ff8a34f4000 	C:\WINDOWS\SYSTEM32\windows.storage.dll
0x00007ff8a67c0000 - 0x00007ff8a6b14000 	C:\WINDOWS\System32\combase.dll
0x00007ff8a4660000 - 0x00007ff8a468e000 	C:\WINDOWS\SYSTEM32\Wldp.dll
0x00007ff8a74c0000 - 0x00007ff8a756d000 	C:\WINDOWS\System32\SHCORE.dll
0x00007ff8a5b40000 - 0x00007ff8a5b95000 	C:\WINDOWS\System32\shlwapi.dll
0x00007ff8a4bc0000 - 0x00007ff8a4be5000 	C:\WINDOWS\SYSTEM32\profapi.dll
0x00007ff8919d0000 - 0x00007ff8919e9000 	E:\jdk-17.0.2\bin\net.dll
0x00007ff89cc30000 - 0x00007ff89cd3a000 	C:\WINDOWS\SYSTEM32\WINHTTP.dll
0x00007ff8a4360000 - 0x00007ff8a43ca000 	C:\WINDOWS\system32\mswsock.dll
0x00007ff8919b0000 - 0x00007ff8919c6000 	E:\jdk-17.0.2\bin\nio.dll
0x00007ff8910b0000 - 0x00007ff8910c8000 	E:\jdk-17.0.2\bin\zip.dll

dbghelp: loaded successfully - version: 4.0.5 - missing functions: none
symbol engine: initialized successfully - sym options: 0x614 - pdb path: .;E:\jdk-17.0.2\bin;C:\WINDOWS\SYSTEM32;C:\WINDOWS\WinSxS\amd64_microsoft.windows.common-controls_6595b64144ccf1df_6.0.19041.1110_none_60b5254171f9507e;E:\jdk-17.0.2\bin\server

VM Arguments:
jvm_args: -Dfile.encoding=UTF-8 -XX:+ShowCodeDetailsInExceptionMessages 
java_command: com.openclassroom.Projet6PayMyBuddy.Projet6PayMyBuddyApplication
java_class_path (initial): C:\Users\Nei\OneDrive\Documents\formation_openclassrom\form_java\projet6\Projet6PayMyBuddy\Projet6PayMyBuddy\target\classes;C:\Users\Nei\.m2\repository\org\springframework\boot\spring-boot-starter-data-jpa\3.1.2\spring-boot-starter-data-jpa-3.1.2.jar;C:\Users\Nei\.m2\repository\org\springframework\boot\spring-boot-starter-aop\3.1.2\spring-boot-starter-aop-3.1.2.jar;C:\Users\Nei\.m2\repository\org\aspectj\aspectjweaver\1.9.19\aspectjweaver-1.9.19.jar;C:\Users\Nei\.m2\repository\org\springframework\boot\spring-boot-starter-jdbc\3.1.2\spring-boot-starter-jdbc-3.1.2.jar;C:\Users\Nei\.m2\repository\com\zaxxer\HikariCP\5.0.1\HikariCP-5.0.1.jar;C:\Users\Nei\.m2\repository\org\springframework\spring-jdbc\6.0.11\spring-jdbc-6.0.11.jar;C:\Users\Nei\.m2\repository\org\hibernate\orm\hibernate-core\6.2.6.Final\hibernate-core-6.2.6.Final.jar;C:\Users\Nei\.m2\repository\jakarta\persistence\jakarta.persistence-api\3.1.0\jakarta.persistence-api-3.1.0.jar;C:\Users\Nei\.m2\repository\jakarta\transaction\jakarta.transaction-api\2.0.1\jakarta.transaction-api-2.0.1.jar;C:\Users\Nei\.m2\repository\org\jboss\logging\jboss-logging\3.5.3.Final\jboss-logging-3.5.3.Final.jar;C:\Users\Nei\.m2\repository\org\hibernate\common\hibernate-commons-annotations\6.0.6.Final\hibernate-commons-annotations-6.0.6.Final.jar;C:\Users\Nei\.m2\repository\io\smallrye\jandex\3.0.5\jandex-3.0.5.jar;C:\Users\Nei\.m2\repository\com\fasterxml\classmate\1.5.1\classmate-1.5.1.jar;C:\Users\Nei\.m2\repository\net\bytebuddy\byte-buddy\1.14.5\byte-buddy-1.14.5.jar;C:\Users\Nei\.m2\repository\org\glassfish\jaxb\jaxb-runtime\4.0.3\jaxb-runtime-4.0.3.jar;C:\Users\Nei\.m2\repository\org\glassfish\jaxb\jaxb-core\4.0.3\jaxb-core-4.0.3.jar;C:\Users\Nei\.m2\repository\org\eclipse\angus\angus-activation\2.0.1\angus-activation-2.0.1.jar;C:\Users\Nei\.m2\repository\org\glassfish\jaxb\txw2\4.0.3\txw2-4.0.3.jar;C:\Users\Nei\.m2\repository\com\sun\istack\istack-commons-runtime\4.1.2\istack-commons-runtime-4.
Launcher Type: SUN_STANDARD

[Global flags]
     intx CICompilerCount                          = 3                                         {product} {ergonomic}
     uint ConcGCThreads                            = 1                                         {product} {ergonomic}
     uint G1ConcRefinementThreads                  = 4                                         {product} {ergonomic}
   size_t G1HeapRegionSize                         = 1048576                                   {product} {ergonomic}
    uintx GCDrainStackTargetSize                   = 64                                        {product} {ergonomic}
   size_t InitialHeapSize                          = 134217728                                 {product} {ergonomic}
   size_t MarkStackSize                            = 4194304                                   {product} {ergonomic}
   size_t MaxHeapSize                              = 2136997888                                {product} {ergonomic}
   size_t MaxNewSize                               = 1281359872                                {product} {ergonomic}
   size_t MinHeapDeltaBytes                        = 1048576                                   {product} {ergonomic}
   size_t MinHeapSize                              = 8388608                                   {product} {ergonomic}
    uintx NonNMethodCodeHeapSize                   = 5832780                                {pd product} {ergonomic}
    uintx NonProfiledCodeHeapSize                  = 122912730                              {pd product} {ergonomic}
    uintx ProfiledCodeHeapSize                     = 122912730                              {pd product} {ergonomic}
    uintx ReservedCodeCacheSize                    = 251658240                              {pd product} {ergonomic}
     bool SegmentedCodeCache                       = true                                      {product} {ergonomic}
     bool ShowCodeDetailsInExceptionMessages       = true                                   {manageable} {command line}
   size_t SoftMaxHeapSize                          = 2136997888                             {manageable} {ergonomic}
     bool UseCompressedClassPointers               = true                           {product lp64_product} {ergonomic}
     bool UseCompressedOops                        = true                           {product lp64_product} {ergonomic}
     bool UseG1GC                                  = true                                      {product} {ergonomic}
     bool UseLargePagesIndividualAllocation        = false                                  {pd product} {ergonomic}

Logging:
Log output configuration:
 #0: stdout all=warning uptime,level,tags
 #1: stderr all=off uptime,level,tags

Environment Variables:
JAVA_HOME=E:\java\jdk-14.0.2
PATH=C:/Program Files/Eclipse Adoptium/jdk-11.0.17.8-hotspot/bin/server;C:/Program Files/Eclipse Adoptium/jdk-11.0.17.8-hotspot/bin;C:\Program Files\Eclipse Adoptium\jdk-11.0.17.8-hotspot\bin;C:\Program Files (x86)\Intel\iCLS Client\;C:\Program Files\Intel\iCLS Client\;C:\Windows\system32;C:\Windows;C:\Windows\System32\Wbem;C:\Windows\System32\WindowsPowerShell\v1.0\;C:\Program Files\Intel\Intel(R) Management Engine Components\DAL;C:\Program Files\Intel\Intel(R) Management Engine Components\IPT;C:\Program Files (x86)\Intel\Intel(R) Management Engine Components\DAL;C:\Program Files (x86)\Intel\Intel(R) Management Engine Components\IPT;C:\Program Files (x86)\NVIDIA Corporation\PhysX\Common;C:\WINDOWS\system32;C:\WINDOWS;C:\WINDOWS\System32\Wbem;C:\WINDOWS\System32\WindowsPowerShell\v1.0\;C:\WINDOWS\System32\OpenSSH\;E:\java\jdk-14.0.2\bin;C:\Program Files\Microsoft SQL Server\130\Tools\Binn\;C:\Program Files\Microsoft SQL Server\Client SDK\ODBC\170\Tools\Binn\;C:\Program Files\dotnet\;C:\Program Files\Git\cmd;C:\Users\Nei\AppData\Local\Microsoft\WindowsApps;C:\Users\Nei\.dotnet\tools;C:\Users\Nei\AppData\Local\Programs\Microsoft VS Code\bin;C:\Users\Nei\OneDrive\Bureau;
USERNAME=Nei
OS=Windows_NT
PROCESSOR_IDENTIFIER=Intel64 Family 6 Model 58 Stepping 9, GenuineIntel



---------------  S Y S T E M  ---------------

OS:
 Windows 10 , 64 bit Build 19041 (10.0.19041.3155)
OS uptime: 24 days 13:26 hours

CPU: total 4 (initial active 4) (4 cores per cpu, 1 threads per core) family 6 model 58 stepping 9 microcode 0x21, cx8, cmov, fxsr, mmx, sse, sse2, sse3, ssse3, sse4.1, sse4.2, popcnt, tsc, tscinvbit, avx, aes, erms, clmul, vzeroupper, clflush

Memory: 4k page, system-wide physical 8150M (1018M free)
TotalPageFile size 16342M (AvailPageFile size 0M)
current process WorkingSet (physical memory assigned to process): 98M, peak: 98M
current process commit charge ("private bytes"): 233M, peak: 233M

vm_info: OpenJDK 64-Bit Server VM (17.0.2+8-86) for windows-amd64 JRE (17.0.2+8-86), built on Dec  7 2021 21:49:10 by "mach5one" with MS VC++ 16.8 / 16.9 (VS2019)

END.
